
[2025-01-11T16:57:33.862778+01:00] reparation_logger.ERROR: Error al intentar establecer conexión con la base de datos. [] []
[2025-01-11T17:01:42.732878+01:00] reparation_logger.INFO: Reparación con UUID 1458bc39-944d-4591-9a95-c07e94b1b7df insertada correctamente. [] []
[2025-01-11T17:04:53.405926+01:00] reparation_logger.INFO: Reparación con UUID d32a417e-9d1c-4401-b593-0222da05b1e2 insertada correctamente. [] []
[2025-01-11T17:05:13.906836+01:00] reparation_logger.INFO: Reparación con UUID d32a417e-9d1c-4401-b593-0222da05b1e2 encontrada. [] []
[2025-01-11T17:05:34.606311+01:00] reparation_logger.ERROR: Error al insertar la reparación con UUID 9a2e2faf-d039-4d12-8fd3-8fa08f89dd33: MySQL server has gone away [] []
[2025-01-11T17:08:21.944171+01:00] reparation_logger.INFO: Reparación con UUID 52609dea-f109-416d-871e-71617665ff84 insertada correctamente. [] []
[2025-01-11T17:08:35.848309+01:00] reparation_logger.INFO: Reparación con UUID 52609dea-f109-416d-871e-71617665ff84 encontrada. [] []
[2025-01-11T17:09:21.747676+01:00] reparation_logger.INFO: Reparación con UUID 52609dea-f109-416d-871e-71617665ff84 encontrada. [] []
[2025-01-11T17:09:41.761204+01:00] reparation_logger.INFO: Reparación con UUID 52609dea-f109-416d-871e-71617665ff84 encontrada. [] []
[2025-01-11T17:09:52.109210+01:00] reparation_logger.INFO: Reparación con UUID 52609dea-f109-416d-871e-71617665ff84 encontrada. [] []
[2025-01-11T17:09:55.886434+01:00] reparation_logger.INFO: Reparación con UUID 52609dea-f109-416d-871e-71617665ff84 encontrada. [] []
[2025-01-11T17:10:12.157434+01:00] reparation_logger.INFO: Reparación con UUID 52609dea-f109-416d-871e-71617665ff84 encontrada. [] []
[2025-01-11T17:11:51.404655+01:00] reparation_logger.INFO: Reparación con UUID 52609dea-f109-416d-871e-71617665ff84 encontrada. [] []
[2025-01-11T17:13:22.569013+01:00] reparation_logger.INFO: Reparación con UUID 52609dea-f109-416d-871e-71617665ff84 encontrada. [] []
[2025-01-11T17:14:33.095302+01:00] reparation_logger.WARNING: No se encontró la reparación con UUID 52609dea-f19-416d-871e-71617665ff84. [] []
[2025-01-11T17:40:43.609116+01:00] reparation_logger.INFO: Reparación con UUID 52609dea-f109-416d-871e-71617665ff84 encontrada. [] []
[2025-01-11T17:40:57.497990+01:00] reparation_logger.INFO: Reparación con UUID 52609dea-f109-416d-871e-71617665ff84 encontrada. [] []
[2025-01-11T17:41:20.019119+01:00] reparation_logger.INFO: Reparación con UUID 52609dea-f109-416d-871e-71617665ff84 encontrada. [] []
[2025-01-11T17:41:37.268468+01:00] reparation_logger.INFO: Reparación con UUID 52609dea-f109-416d-871e-71617665ff84 encontrada. [] []
[2025-01-11T17:42:00.502535+01:00] reparation_logger.INFO: Reparación con UUID 52609dea-f109-416d-871e-71617665ff84 encontrada. [] []
[2025-01-11T17:42:12.805318+01:00] reparation_logger.INFO: Reparación con UUID 52609dea-f109-416d-871e-71617665ff84 encontrada. [] []
[2025-01-11T17:42:20.938815+01:00] reparation_logger.INFO: Reparación con UUID 52609dea-f109-416d-871e-71617665ff84 encontrada. [] []
[2025-01-11T17:42:31.343576+01:00] reparation_logger.INFO: Reparación con UUID 52609dea-f109-416d-871e-71617665ff84 encontrada. [] []
[2025-01-11T17:42:39.937544+01:00] reparation_logger.INFO: Reparación con UUID 52609dea-f109-416d-871e-71617665ff84 encontrada. [] []
[2025-01-11T17:42:54.687643+01:00] reparation_logger.INFO: Reparación con UUID 52609dea-f109-416d-871e-71617665ff84 encontrada. [] []
[2025-01-11T17:43:04.699382+01:00] reparation_logger.INFO: Reparación con UUID 52609dea-f109-416d-871e-71617665ff84 encontrada. [] []
[2025-01-11T17:44:36.324186+01:00] reparation_logger.INFO: Reparación con UUID 52609dea-f109-416d-871e-71617665ff84 encontrada. [] []
[2025-01-11T17:44:58.708661+01:00] reparation_logger.INFO: Reparación con UUID 52609dea-f109-416d-871e-71617665ff84 encontrada. [] []
[2025-01-11T17:45:18.473621+01:00] reparation_logger.INFO: Reparación con UUID 52609dea-f109-416d-871e-71617665ff84 encontrada. [] []
[2025-01-11T17:47:42.399769+01:00] reparation_logger.INFO: Reparación con UUID 37f7a279-95f9-4ba5-aced-86c828ba6d30 insertada correctamente. [] []
[2025-01-11T17:50:04.064872+01:00] reparation_logger.INFO: Reparación con UUID 513bacd3-1743-444c-aecf-3d334b03b9e1 insertada correctamente. [] []
[2025-01-11T17:50:33.370418+01:00] reparation_logger.INFO: Reparación con UUID 161f342d-6239-4834-b9be-da5fc476f5c5 insertada correctamente. [] []
[2025-01-11T17:52:56.602341+01:00] reparation_logger.INFO: Reparación con UUID 52609dea-f109-416d-871e-71617665ff84 encontrada. [] []
[2025-01-11T17:53:17.089866+01:00] reparation_logger.INFO: Reparación con UUID 52609dea-f109-416d-871e-71617665ff84 encontrada. [] []
